<?xml version="1.0" encoding="UTF-8"?>
<testsuite name="com.minkeun.start.springboot.domain.posts.PostsRepositoryTest" tests="2" skipped="0" failures="0" errors="0" timestamp="2020-07-12T08:29:31" hostname="gimmingeun-ui-MacBookAir.local" time="0.057">
  <properties/>
  <testcase name="게시글저장_불러오기" classname="com.minkeun.start.springboot.domain.posts.PostsRepositoryTest" time="0.037"/>
  <testcase name="BaseTimeEntity_등록" classname="com.minkeun.start.springboot.domain.posts.PostsRepositoryTest" time="0.019"/>
  <system-out><![CDATA[2020-07-12 17:29:28.576  INFO 23607 --- [    Test worker] .b.t.c.SpringBootTestContextBootstrapper : Neither @ContextConfiguration nor @ContextHierarchy found for test class [com.minkeun.start.springboot.domain.posts.PostsRepositoryTest], using SpringBootContextLoader
2020-07-12 17:29:28.579  INFO 23607 --- [    Test worker] o.s.t.c.support.AbstractContextLoader    : Could not detect default resource locations for test class [com.minkeun.start.springboot.domain.posts.PostsRepositoryTest]: no resource found for suffixes {-context.xml, Context.groovy}.
2020-07-12 17:29:28.579  INFO 23607 --- [    Test worker] t.c.s.AnnotationConfigContextLoaderUtils : Could not detect default configuration classes for test class [com.minkeun.start.springboot.domain.posts.PostsRepositoryTest]: PostsRepositoryTest does not declare any static, non-private, non-final, nested classes annotated with @Configuration.
2020-07-12 17:29:28.595  INFO 23607 --- [    Test worker] .b.t.c.SpringBootTestContextBootstrapper : Found @SpringBootConfiguration com.minkeun.start.springboot.Application for test class com.minkeun.start.springboot.domain.posts.PostsRepositoryTest
2020-07-12 17:29:28.597  INFO 23607 --- [    Test worker] .b.t.c.SpringBootTestContextBootstrapper : Loaded default TestExecutionListener class names from location [META-INF/spring.factories]: [org.springframework.security.test.context.support.WithSecurityContextTestExecutionListener, org.springframework.security.test.context.support.ReactorContextTestExecutionListener, org.springframework.boot.test.autoconfigure.restdocs.RestDocsTestExecutionListener, org.springframework.boot.test.autoconfigure.web.client.MockRestServiceServerResetTestExecutionListener, org.springframework.boot.test.autoconfigure.web.servlet.MockMvcPrintOnlyOnFailureTestExecutionListener, org.springframework.boot.test.autoconfigure.web.servlet.WebDriverTestExecutionListener, org.springframework.boot.test.mock.mockito.MockitoTestExecutionListener, org.springframework.boot.test.mock.mockito.ResetMocksTestExecutionListener, org.springframework.test.context.web.ServletTestExecutionListener, org.springframework.test.context.support.DirtiesContextBeforeModesTestExecutionListener, org.springframework.test.context.support.DependencyInjectionTestExecutionListener, org.springframework.test.context.support.DirtiesContextTestExecutionListener, org.springframework.test.context.transaction.TransactionalTestExecutionListener, org.springframework.test.context.jdbc.SqlScriptsTestExecutionListener]
2020-07-12 17:29:28.599  INFO 23607 --- [    Test worker] .b.t.c.SpringBootTestContextBootstrapper : Using TestExecutionListeners: [org.springframework.test.context.web.ServletTestExecutionListener@7dd443c1, org.springframework.test.context.support.DirtiesContextBeforeModesTestExecutionListener@6e4aa2cf, org.springframework.boot.test.mock.mockito.MockitoTestExecutionListener@14d4c7ea, org.springframework.boot.test.autoconfigure.SpringBootDependencyInjectionTestExecutionListener@287127f8, org.springframework.test.context.support.DirtiesContextTestExecutionListener@77e4b37c, org.springframework.test.context.transaction.TransactionalTestExecutionListener@4c032b95, org.springframework.test.context.jdbc.SqlScriptsTestExecutionListener@7e5a5e68, org.springframework.security.test.context.support.WithSecurityContextTestExecutionListener@5f35e8bc, org.springframework.security.test.context.support.ReactorContextTestExecutionListener@d98df75, org.springframework.boot.test.autoconfigure.restdocs.RestDocsTestExecutionListener@589202d0, org.springframework.boot.test.autoconfigure.web.client.MockRestServiceServerResetTestExecutionListener@7417beb4, org.springframework.boot.test.autoconfigure.web.servlet.MockMvcPrintOnlyOnFailureTestExecutionListener@417c882, org.springframework.boot.test.autoconfigure.web.servlet.WebDriverTestExecutionListener@4fbfdc02, org.springframework.boot.test.mock.mockito.ResetMocksTestExecutionListener@7f3c3a7]

  .   ____          _            __ _ _
 /\\ / ___'_ __ _ _(_)_ __  __ _ \ \ \ \
( ( )\___ | '_ | '_| | '_ \/ _` | \ \ \ \
 \\/  ___)| |_)| | | | | || (_| |  ) ) ) )
  '  |____| .__|_| |_|_| |_\__, | / / / /
 =========|_|==============|___/=/_/_/_/
 :: Spring Boot ::        (v2.1.9.RELEASE)

2020-07-12 17:29:28.681  INFO 23607 --- [    Test worker] c.m.s.s.d.posts.PostsRepositoryTest      : Starting PostsRepositoryTest on gimmingeun-ui-MacBookAir.local with PID 23607 (started by minkeun in /Users/minkeun/IdeaProjects/springboot.webservice)
2020-07-12 17:29:28.682  INFO 23607 --- [    Test worker] c.m.s.s.d.posts.PostsRepositoryTest      : No active profile set, falling back to default profiles: default
2020-07-12 17:29:29.284  INFO 23607 --- [    Test worker] .s.d.r.c.RepositoryConfigurationDelegate : Bootstrapping Spring Data repositories in DEFAULT mode.
2020-07-12 17:29:29.333  INFO 23607 --- [    Test worker] .s.d.r.c.RepositoryConfigurationDelegate : Finished Spring Data repository scanning in 48ms. Found 2 repository interfaces.
2020-07-12 17:29:29.565  INFO 23607 --- [    Test worker] trationDelegate$BeanPostProcessorChecker : Bean 'org.springframework.transaction.annotation.ProxyTransactionManagementConfiguration' of type [org.springframework.transaction.annotation.ProxyTransactionManagementConfiguration$$EnhancerBySpringCGLIB$$de95e027] is not eligible for getting processed by all BeanPostProcessors (for example: not eligible for auto-proxying)
2020-07-12 17:29:29.691  INFO 23607 --- [    Test worker] com.zaxxer.hikari.HikariDataSource       : HikariPool-2 - Starting...
2020-07-12 17:29:29.694  INFO 23607 --- [    Test worker] com.zaxxer.hikari.HikariDataSource       : HikariPool-2 - Start completed.
2020-07-12 17:29:29.730  INFO 23607 --- [    Test worker] o.hibernate.jpa.internal.util.LogHelper  : HHH000204: Processing PersistenceUnitInfo [
	name: default
	...]
2020-07-12 17:29:29.744  INFO 23607 --- [    Test worker] org.hibernate.dialect.Dialect            : HHH000400: Using dialect: org.hibernate.dialect.MySQL5InnoDBDialect
Hibernate: drop table if exists posts
Hibernate: drop table if exists user
Hibernate: create table posts (id bigint not null auto_increment, created_date datetime, modified_date datetime, author varchar(255), content TEXT not null, title varchar(500) not null, primary key (id)) engine=InnoDB
Hibernate: create table user (id bigint not null auto_increment, created_date datetime, modified_date datetime, email varchar(255) not null, name varchar(255) not null, picture varchar(255), role varchar(255) not null, primary key (id)) engine=InnoDB
2020-07-12 17:29:29.837  INFO 23607 --- [    Test worker] o.h.t.schema.internal.SchemaCreatorImpl  : HHH000476: Executing import script 'org.hibernate.tool.schema.internal.exec.ScriptSourceInputNonExistentImpl@1f8bacdb'
2020-07-12 17:29:29.839  INFO 23607 --- [    Test worker] j.LocalContainerEntityManagerFactoryBean : Initialized JPA EntityManagerFactory for persistence unit 'default'
2020-07-12 17:29:30.123  INFO 23607 --- [    Test worker] o.h.h.i.QueryTranslatorFactoryInitiator  : HHH000397: Using ASTQueryTranslatorFactory
2020-07-12 17:29:30.331  INFO 23607 --- [    Test worker] o.s.s.web.DefaultSecurityFilterChain     : Creating filter chain: any request, [org.springframework.security.web.context.request.async.WebAsyncManagerIntegrationFilter@3c51c19f, org.springframework.security.web.context.SecurityContextPersistenceFilter@5e5578ec, org.springframework.security.web.header.HeaderWriterFilter@3c72120, org.springframework.security.web.authentication.logout.LogoutFilter@b16eb27, org.springframework.security.oauth2.client.web.OAuth2AuthorizationRequestRedirectFilter@48a944a, org.springframework.security.oauth2.client.web.OAuth2LoginAuthenticationFilter@7c080a8, org.springframework.security.web.authentication.ui.DefaultLoginPageGeneratingFilter@7ef17e0d, org.springframework.security.web.authentication.ui.DefaultLogoutPageGeneratingFilter@1f91193a, org.springframework.security.web.savedrequest.RequestCacheAwareFilter@12bb0e33, org.springframework.security.web.servletapi.SecurityContextHolderAwareRequestFilter@28cff365, org.springframework.security.web.authentication.AnonymousAuthenticationFilter@4f69e646, org.springframework.security.web.session.SessionManagementFilter@11a8e811, org.springframework.security.web.access.ExceptionTranslationFilter@2c5c1fda, org.springframework.security.web.access.intercept.FilterSecurityInterceptor@3a433403]
2020-07-12 17:29:30.734  INFO 23607 --- [    Test worker] o.s.s.concurrent.ThreadPoolTaskExecutor  : Initializing ExecutorService 'applicationTaskExecutor'
2020-07-12 17:29:30.754  WARN 23607 --- [    Test worker] aWebConfiguration$JpaWebMvcConfiguration : spring.jpa.open-in-view is enabled by default. Therefore, database queries may be performed during view rendering. Explicitly configure spring.jpa.open-in-view to disable this warning
2020-07-12 17:29:30.798  INFO 23607 --- [    Test worker] o.s.b.a.w.s.WelcomePageHandlerMapping    : Adding welcome page template: index
2020-07-12 17:29:31.297  INFO 23607 --- [    Test worker] s.a.ScheduledAnnotationBeanPostProcessor : No TaskScheduler/ScheduledExecutorService bean found for scheduled processing
2020-07-12 17:29:31.299  INFO 23607 --- [    Test worker] c.m.s.s.d.posts.PostsRepositoryTest      : Started PostsRepositoryTest in 2.697 seconds (JVM running for 22.397)
Hibernate: insert into posts (created_date, modified_date, author, content, title) values (?, ?, ?, ?, ?)
Hibernate: select posts0_.id as id1_0_, posts0_.created_date as created_2_0_, posts0_.modified_date as modified3_0_, posts0_.author as author4_0_, posts0_.content as content5_0_, posts0_.title as title6_0_ from posts posts0_
Hibernate: select posts0_.id as id1_0_, posts0_.created_date as created_2_0_, posts0_.modified_date as modified3_0_, posts0_.author as author4_0_, posts0_.content as content5_0_, posts0_.title as title6_0_ from posts posts0_
Hibernate: delete from posts where id=?
Hibernate: insert into posts (created_date, modified_date, author, content, title) values (?, ?, ?, ?, ?)
Hibernate: select posts0_.id as id1_0_, posts0_.created_date as created_2_0_, posts0_.modified_date as modified3_0_, posts0_.author as author4_0_, posts0_.content as content5_0_, posts0_.title as title6_0_ from posts posts0_
>>>>>>>>> createDate=2020-07-12T17:29:31.351136, modifiedDate=2020-07-12T17:29:31.351136
Hibernate: select posts0_.id as id1_0_, posts0_.created_date as created_2_0_, posts0_.modified_date as modified3_0_, posts0_.author as author4_0_, posts0_.content as content5_0_, posts0_.title as title6_0_ from posts posts0_
Hibernate: delete from posts where id=?
]]></system-out>
  <system-err><![CDATA[]]></system-err>
</testsuite>
