<?xml version="1.0" encoding="UTF-8"?>
<testsuite name="com.minkeun.start.springboot.web.IndexControllerTest" tests="1" skipped="0" failures="0" errors="0" timestamp="2020-07-26T10:22:32" hostname="gimmingeun-ui-MacBookAir.local" time="0.457">
  <properties/>
  <testcase name="메인페이지_로딩" classname="com.minkeun.start.springboot.web.IndexControllerTest" time="0.457"/>
  <system-out><![CDATA[19:22:23.920 [Test worker] DEBUG org.springframework.test.context.junit4.SpringJUnit4ClassRunner - SpringJUnit4ClassRunner constructor called with [class com.minkeun.start.springboot.web.IndexControllerTest]
19:22:23.935 [Test worker] DEBUG org.springframework.test.context.BootstrapUtils - Instantiating CacheAwareContextLoaderDelegate from class [org.springframework.test.context.cache.DefaultCacheAwareContextLoaderDelegate]
19:22:23.949 [Test worker] DEBUG org.springframework.test.context.BootstrapUtils - Instantiating BootstrapContext using constructor [public org.springframework.test.context.support.DefaultBootstrapContext(java.lang.Class,org.springframework.test.context.CacheAwareContextLoaderDelegate)]
19:22:23.972 [Test worker] DEBUG org.springframework.test.context.BootstrapUtils - Instantiating TestContextBootstrapper for test class [com.minkeun.start.springboot.web.IndexControllerTest] from class [org.springframework.boot.test.context.SpringBootTestContextBootstrapper]
19:22:23.990 [Test worker] INFO org.springframework.boot.test.context.SpringBootTestContextBootstrapper - Neither @ContextConfiguration nor @ContextHierarchy found for test class [com.minkeun.start.springboot.web.IndexControllerTest], using SpringBootContextLoader
19:22:23.996 [Test worker] DEBUG org.springframework.test.context.support.AbstractContextLoader - Did not detect default resource location for test class [com.minkeun.start.springboot.web.IndexControllerTest]: class path resource [com/minkeun/start/springboot/web/IndexControllerTest-context.xml] does not exist
19:22:23.997 [Test worker] DEBUG org.springframework.test.context.support.AbstractContextLoader - Did not detect default resource location for test class [com.minkeun.start.springboot.web.IndexControllerTest]: class path resource [com/minkeun/start/springboot/web/IndexControllerTestContext.groovy] does not exist
19:22:23.998 [Test worker] INFO org.springframework.test.context.support.AbstractContextLoader - Could not detect default resource locations for test class [com.minkeun.start.springboot.web.IndexControllerTest]: no resource found for suffixes {-context.xml, Context.groovy}.
19:22:23.999 [Test worker] INFO org.springframework.test.context.support.AnnotationConfigContextLoaderUtils - Could not detect default configuration classes for test class [com.minkeun.start.springboot.web.IndexControllerTest]: IndexControllerTest does not declare any static, non-private, non-final, nested classes annotated with @Configuration.
19:22:24.069 [Test worker] DEBUG org.springframework.test.context.support.ActiveProfilesUtils - Could not find an 'annotation declaring class' for annotation type [org.springframework.test.context.ActiveProfiles] and class [com.minkeun.start.springboot.web.IndexControllerTest]
19:22:24.233 [Test worker] DEBUG org.springframework.context.annotation.ClassPathScanningCandidateComponentProvider - Identified candidate component class: file [/Users/minkeun/IdeaProjects/springboot.webservice/build/classes/java/main/com/minkeun/start/springboot/Application.class]
19:22:24.235 [Test worker] INFO org.springframework.boot.test.context.SpringBootTestContextBootstrapper - Found @SpringBootConfiguration com.minkeun.start.springboot.Application for test class com.minkeun.start.springboot.web.IndexControllerTest
19:22:24.362 [Test worker] DEBUG org.springframework.boot.test.context.SpringBootTestContextBootstrapper - @TestExecutionListeners is not present for class [com.minkeun.start.springboot.web.IndexControllerTest]: using defaults.
19:22:24.363 [Test worker] INFO org.springframework.boot.test.context.SpringBootTestContextBootstrapper - Loaded default TestExecutionListener class names from location [META-INF/spring.factories]: [org.springframework.security.test.context.support.WithSecurityContextTestExecutionListener, org.springframework.security.test.context.support.ReactorContextTestExecutionListener, org.springframework.boot.test.autoconfigure.restdocs.RestDocsTestExecutionListener, org.springframework.boot.test.autoconfigure.web.client.MockRestServiceServerResetTestExecutionListener, org.springframework.boot.test.autoconfigure.web.servlet.MockMvcPrintOnlyOnFailureTestExecutionListener, org.springframework.boot.test.autoconfigure.web.servlet.WebDriverTestExecutionListener, org.springframework.boot.test.mock.mockito.MockitoTestExecutionListener, org.springframework.boot.test.mock.mockito.ResetMocksTestExecutionListener, org.springframework.test.context.web.ServletTestExecutionListener, org.springframework.test.context.support.DirtiesContextBeforeModesTestExecutionListener, org.springframework.test.context.support.DependencyInjectionTestExecutionListener, org.springframework.test.context.support.DirtiesContextTestExecutionListener, org.springframework.test.context.transaction.TransactionalTestExecutionListener, org.springframework.test.context.jdbc.SqlScriptsTestExecutionListener]
19:22:24.389 [Test worker] INFO org.springframework.boot.test.context.SpringBootTestContextBootstrapper - Using TestExecutionListeners: [org.springframework.test.context.web.ServletTestExecutionListener@1b62326a, org.springframework.test.context.support.DirtiesContextBeforeModesTestExecutionListener@5aa5d147, org.springframework.boot.test.mock.mockito.MockitoTestExecutionListener@7972d41, org.springframework.boot.test.autoconfigure.SpringBootDependencyInjectionTestExecutionListener@5e366ee9, org.springframework.test.context.support.DirtiesContextTestExecutionListener@54cde627, org.springframework.test.context.transaction.TransactionalTestExecutionListener@20163a10, org.springframework.test.context.jdbc.SqlScriptsTestExecutionListener@1ed5e676, org.springframework.security.test.context.support.WithSecurityContextTestExecutionListener@73f98263, org.springframework.security.test.context.support.ReactorContextTestExecutionListener@48beaee5, org.springframework.boot.test.autoconfigure.restdocs.RestDocsTestExecutionListener@59e9cb58, org.springframework.boot.test.autoconfigure.web.client.MockRestServiceServerResetTestExecutionListener@68be7045, org.springframework.boot.test.autoconfigure.web.servlet.MockMvcPrintOnlyOnFailureTestExecutionListener@57eb1dab, org.springframework.boot.test.autoconfigure.web.servlet.WebDriverTestExecutionListener@6a1f5835, org.springframework.boot.test.mock.mockito.ResetMocksTestExecutionListener@7dbbed25]
19:22:24.393 [Test worker] DEBUG org.springframework.test.annotation.ProfileValueUtils - Retrieved @ProfileValueSourceConfiguration [null] for test class [com.minkeun.start.springboot.web.IndexControllerTest]
19:22:24.394 [Test worker] DEBUG org.springframework.test.annotation.ProfileValueUtils - Retrieved ProfileValueSource type [class org.springframework.test.annotation.SystemProfileValueSource] for class [com.minkeun.start.springboot.web.IndexControllerTest]
19:22:24.398 [Test worker] DEBUG org.springframework.test.annotation.ProfileValueUtils - Retrieved @ProfileValueSourceConfiguration [null] for test class [com.minkeun.start.springboot.web.IndexControllerTest]
19:22:24.399 [Test worker] DEBUG org.springframework.test.annotation.ProfileValueUtils - Retrieved ProfileValueSource type [class org.springframework.test.annotation.SystemProfileValueSource] for class [com.minkeun.start.springboot.web.IndexControllerTest]
19:22:24.400 [Test worker] DEBUG org.springframework.test.annotation.ProfileValueUtils - Retrieved @ProfileValueSourceConfiguration [null] for test class [com.minkeun.start.springboot.web.IndexControllerTest]
19:22:24.400 [Test worker] DEBUG org.springframework.test.annotation.ProfileValueUtils - Retrieved ProfileValueSource type [class org.springframework.test.annotation.SystemProfileValueSource] for class [com.minkeun.start.springboot.web.IndexControllerTest]
19:22:24.405 [Test worker] DEBUG org.springframework.test.context.support.AbstractDirtiesContextTestExecutionListener - Before test class: context [DefaultTestContext@319cb40b testClass = IndexControllerTest, testInstance = [null], testMethod = [null], testException = [null], mergedContextConfiguration = [WebMergedContextConfiguration@5c80da9a testClass = IndexControllerTest, locations = '{}', classes = '{class com.minkeun.start.springboot.Application}', contextInitializerClasses = '[]', activeProfiles = '{}', propertySourceLocations = '{}', propertySourceProperties = '{org.springframework.boot.test.context.SpringBootTestContextBootstrapper=true, server.port=0}', contextCustomizers = set[org.springframework.boot.test.autoconfigure.properties.PropertyMappingContextCustomizer@0, org.springframework.boot.test.autoconfigure.web.servlet.WebDriverContextCustomizerFactory$Customizer@1529643f, org.springframework.boot.test.context.filter.ExcludeFilterContextCustomizer@322fe312, org.springframework.boot.test.json.DuplicateJsonObjectContextCustomizerFactory$DuplicateJsonObjectContextCustomizer@7e87da8c, org.springframework.boot.test.mock.mockito.MockitoContextCustomizer@0, org.springframework.boot.test.web.client.TestRestTemplateContextCustomizer@64232209], resourceBasePath = 'src/main/webapp', contextLoader = 'org.springframework.boot.test.context.SpringBootContextLoader', parent = [null]], attributes = map['org.springframework.test.context.web.ServletTestExecutionListener.activateListener' -> false]], class annotated with @DirtiesContext [false] with mode [null].
19:22:24.406 [Test worker] DEBUG org.springframework.test.annotation.ProfileValueUtils - Retrieved @ProfileValueSourceConfiguration [null] for test class [com.minkeun.start.springboot.web.IndexControllerTest]
19:22:24.406 [Test worker] DEBUG org.springframework.test.annotation.ProfileValueUtils - Retrieved ProfileValueSource type [class org.springframework.test.annotation.SystemProfileValueSource] for class [com.minkeun.start.springboot.web.IndexControllerTest]
19:22:24.413 [Test worker] DEBUG org.springframework.test.context.support.DependencyInjectionTestExecutionListener - Performing dependency injection for test context [[DefaultTestContext@319cb40b testClass = IndexControllerTest, testInstance = com.minkeun.start.springboot.web.IndexControllerTest@6218ab52, testMethod = [null], testException = [null], mergedContextConfiguration = [WebMergedContextConfiguration@5c80da9a testClass = IndexControllerTest, locations = '{}', classes = '{class com.minkeun.start.springboot.Application}', contextInitializerClasses = '[]', activeProfiles = '{}', propertySourceLocations = '{}', propertySourceProperties = '{org.springframework.boot.test.context.SpringBootTestContextBootstrapper=true, server.port=0}', contextCustomizers = set[org.springframework.boot.test.autoconfigure.properties.PropertyMappingContextCustomizer@0, org.springframework.boot.test.autoconfigure.web.servlet.WebDriverContextCustomizerFactory$Customizer@1529643f, org.springframework.boot.test.context.filter.ExcludeFilterContextCustomizer@322fe312, org.springframework.boot.test.json.DuplicateJsonObjectContextCustomizerFactory$DuplicateJsonObjectContextCustomizer@7e87da8c, org.springframework.boot.test.mock.mockito.MockitoContextCustomizer@0, org.springframework.boot.test.web.client.TestRestTemplateContextCustomizer@64232209], resourceBasePath = 'src/main/webapp', contextLoader = 'org.springframework.boot.test.context.SpringBootContextLoader', parent = [null]], attributes = map['org.springframework.test.context.web.ServletTestExecutionListener.activateListener' -> false]]].
19:22:24.441 [Test worker] DEBUG org.springframework.test.context.support.TestPropertySourceUtils - Adding inlined properties to environment: {spring.jmx.enabled=false, org.springframework.boot.test.context.SpringBootTestContextBootstrapper=true, server.port=0}

  .   ____          _            __ _ _
 /\\ / ___'_ __ _ _(_)_ __  __ _ \ \ \ \
( ( )\___ | '_ | '_| | '_ \/ _` | \ \ \ \
 \\/  ___)| |_)| | | | | || (_| |  ) ) ) )
  '  |____| .__|_| |_|_| |_\__, | / / / /
 =========|_|==============|___/=/_/_/_/
 :: Spring Boot ::        (v2.1.9.RELEASE)

2020-07-26 19:22:25.032  INFO 8821 --- [    Test worker] c.m.s.s.web.IndexControllerTest          : Starting IndexControllerTest on gimmingeun-ui-MacBookAir.local with PID 8821 (started by minkeun in /Users/minkeun/IdeaProjects/springboot.webservice)
2020-07-26 19:22:25.034  INFO 8821 --- [    Test worker] c.m.s.s.web.IndexControllerTest          : No active profile set, falling back to default profiles: default
2020-07-26 19:22:26.233  INFO 8821 --- [    Test worker] .s.d.r.c.RepositoryConfigurationDelegate : Bootstrapping Spring Data repositories in DEFAULT mode.
2020-07-26 19:22:26.327  INFO 8821 --- [    Test worker] .s.d.r.c.RepositoryConfigurationDelegate : Finished Spring Data repository scanning in 80ms. Found 2 repository interfaces.
2020-07-26 19:22:26.963  INFO 8821 --- [    Test worker] trationDelegate$BeanPostProcessorChecker : Bean 'org.springframework.transaction.annotation.ProxyTransactionManagementConfiguration' of type [org.springframework.transaction.annotation.ProxyTransactionManagementConfiguration$$EnhancerBySpringCGLIB$$5fdd9023] is not eligible for getting processed by all BeanPostProcessors (for example: not eligible for auto-proxying)
2020-07-26 19:22:27.482  INFO 8821 --- [    Test worker] o.s.b.w.embedded.tomcat.TomcatWebServer  : Tomcat initialized with port(s): 0 (http)
2020-07-26 19:22:27.548  INFO 8821 --- [    Test worker] o.apache.catalina.core.StandardService   : Starting service [Tomcat]
2020-07-26 19:22:27.548  INFO 8821 --- [    Test worker] org.apache.catalina.core.StandardEngine  : Starting Servlet engine: [Apache Tomcat/9.0.26]
2020-07-26 19:22:27.762  INFO 8821 --- [    Test worker] o.a.c.c.C.[Tomcat].[localhost].[/]       : Initializing Spring embedded WebApplicationContext
2020-07-26 19:22:27.762  INFO 8821 --- [    Test worker] o.s.web.context.ContextLoader            : Root WebApplicationContext: initialization completed in 2700 ms
2020-07-26 19:22:28.111  INFO 8821 --- [    Test worker] com.zaxxer.hikari.HikariDataSource       : HikariPool-1 - Starting...
2020-07-26 19:22:28.370  INFO 8821 --- [    Test worker] com.zaxxer.hikari.HikariDataSource       : HikariPool-1 - Start completed.
2020-07-26 19:22:28.502  INFO 8821 --- [    Test worker] o.hibernate.jpa.internal.util.LogHelper  : HHH000204: Processing PersistenceUnitInfo [
	name: default
	...]
2020-07-26 19:22:28.609  INFO 8821 --- [    Test worker] org.hibernate.Version                    : HHH000412: Hibernate Core {5.3.12.Final}
2020-07-26 19:22:28.612  INFO 8821 --- [    Test worker] org.hibernate.cfg.Environment            : HHH000206: hibernate.properties not found
2020-07-26 19:22:28.856  INFO 8821 --- [    Test worker] o.hibernate.annotations.common.Version   : HCANN000001: Hibernate Commons Annotations {5.0.4.Final}
2020-07-26 19:22:29.044  INFO 8821 --- [    Test worker] org.hibernate.dialect.Dialect            : HHH000400: Using dialect: org.hibernate.dialect.MySQL5InnoDBDialect
Hibernate: drop table if exists posts
Hibernate: drop table if exists user
Hibernate: create table posts (id bigint not null auto_increment, created_date datetime, modified_date datetime, author varchar(255), content TEXT not null, title varchar(500) not null, primary key (id)) engine=InnoDB
Hibernate: create table user (id bigint not null auto_increment, created_date datetime, modified_date datetime, email varchar(255) not null, name varchar(255) not null, picture varchar(255), role varchar(255) not null, primary key (id)) engine=InnoDB
2020-07-26 19:22:30.069  INFO 8821 --- [    Test worker] o.h.t.schema.internal.SchemaCreatorImpl  : HHH000476: Executing import script 'org.hibernate.tool.schema.internal.exec.ScriptSourceInputNonExistentImpl@319542a8'
2020-07-26 19:22:30.074  INFO 8821 --- [    Test worker] j.LocalContainerEntityManagerFactoryBean : Initialized JPA EntityManagerFactory for persistence unit 'default'
2020-07-26 19:22:30.987  INFO 8821 --- [    Test worker] o.h.h.i.QueryTranslatorFactoryInitiator  : HHH000397: Using ASTQueryTranslatorFactory
2020-07-26 19:22:31.559  INFO 8821 --- [    Test worker] o.s.s.web.DefaultSecurityFilterChain     : Creating filter chain: any request, [org.springframework.security.web.context.request.async.WebAsyncManagerIntegrationFilter@1a10cfe5, org.springframework.security.web.context.SecurityContextPersistenceFilter@48926deb, org.springframework.security.web.header.HeaderWriterFilter@5748cfcf, org.springframework.security.web.authentication.logout.LogoutFilter@46ff78ed, org.springframework.security.oauth2.client.web.OAuth2AuthorizationRequestRedirectFilter@228626c2, org.springframework.security.oauth2.client.web.OAuth2LoginAuthenticationFilter@7bdc359c, org.springframework.security.web.authentication.ui.DefaultLoginPageGeneratingFilter@4eba64e0, org.springframework.security.web.authentication.ui.DefaultLogoutPageGeneratingFilter@5cf596f9, org.springframework.security.web.savedrequest.RequestCacheAwareFilter@265644d9, org.springframework.security.web.servletapi.SecurityContextHolderAwareRequestFilter@3f044334, org.springframework.security.web.authentication.AnonymousAuthenticationFilter@1ec110ee, org.springframework.security.web.session.SessionManagementFilter@3c52e5fe, org.springframework.security.web.access.ExceptionTranslationFilter@62499eb, org.springframework.security.web.access.intercept.FilterSecurityInterceptor@69ae46d7]
2020-07-26 19:22:31.971  INFO 8821 --- [    Test worker] o.s.s.concurrent.ThreadPoolTaskExecutor  : Initializing ExecutorService 'applicationTaskExecutor'
2020-07-26 19:22:32.047  WARN 8821 --- [    Test worker] aWebConfiguration$JpaWebMvcConfiguration : spring.jpa.open-in-view is enabled by default. Therefore, database queries may be performed during view rendering. Explicitly configure spring.jpa.open-in-view to disable this warning
2020-07-26 19:22:32.111  INFO 8821 --- [    Test worker] o.s.b.a.w.s.WelcomePageHandlerMapping    : Adding welcome page template: index
2020-07-26 19:22:32.545  INFO 8821 --- [    Test worker] s.a.ScheduledAnnotationBeanPostProcessor : No TaskScheduler/ScheduledExecutorService bean found for scheduled processing
2020-07-26 19:22:32.585  INFO 8821 --- [    Test worker] o.s.b.w.embedded.tomcat.TomcatWebServer  : Tomcat started on port(s): 58618 (http) with context path ''
2020-07-26 19:22:32.590  INFO 8821 --- [    Test worker] c.m.s.s.web.IndexControllerTest          : Started IndexControllerTest in 8.145 seconds (JVM running for 9.515)
2020-07-26 19:22:32.870  INFO 8821 --- [o-auto-1-exec-1] o.a.c.c.C.[Tomcat].[localhost].[/]       : Initializing Spring DispatcherServlet 'dispatcherServlet'
2020-07-26 19:22:32.871  INFO 8821 --- [o-auto-1-exec-1] o.s.web.servlet.DispatcherServlet        : Initializing Servlet 'dispatcherServlet'
2020-07-26 19:22:32.894  INFO 8821 --- [o-auto-1-exec-1] o.s.web.servlet.DispatcherServlet        : Completed initialization in 23 ms
Hibernate: select posts0_.id as id1_0_, posts0_.created_date as created_2_0_, posts0_.modified_date as modified3_0_, posts0_.author as author4_0_, posts0_.content as content5_0_, posts0_.title as title6_0_ from posts posts0_ order by posts0_.id DESC
]]></system-out>
  <system-err><![CDATA[]]></system-err>
</testsuite>
