<?xml version="1.0" encoding="UTF-8"?>
<testsuite name="com.minkeun.start.springboot.web.dto.HelloResponseDtoTest" tests="1" skipped="0" failures="0" errors="0" timestamp="2020-07-12T08:29:27" hostname="gimmingeun-ui-MacBookAir.local" time="0.006">
  <properties/>
  <testcase name="롬복_기능_테스트" classname="com.minkeun.start.springboot.web.dto.HelloResponseDtoTest" time="0.006"/>
  <system-out><![CDATA[]]></system-out>
  <system-err><![CDATA[]]></system-err>
</testsuite>
