<?xml version="1.0" encoding="UTF-8"?>
<testsuite name="com.minkeun.start.springboot.web.PostsApiControllerTest" tests="2" skipped="0" failures="0" errors="0" timestamp="2020-07-12T08:29:27" hostname="gimmingeun-ui-MacBookAir.local" time="0.674">
  <properties/>
  <testcase name="Posts_등록된다" classname="com.minkeun.start.springboot.web.PostsApiControllerTest" time="0.5"/>
  <testcase name="Posts_수정된다" classname="com.minkeun.start.springboot.web.PostsApiControllerTest" time="0.173"/>
  <system-out><![CDATA[2020-07-12 17:29:27.877  INFO 23607 --- [    Test worker] .b.t.c.SpringBootTestContextBootstrapper : Neither @ContextConfiguration nor @ContextHierarchy found for test class [com.minkeun.start.springboot.web.PostsApiControllerTest], using SpringBootContextLoader
2020-07-12 17:29:27.881  INFO 23607 --- [    Test worker] o.s.t.c.support.AbstractContextLoader    : Could not detect default resource locations for test class [com.minkeun.start.springboot.web.PostsApiControllerTest]: no resource found for suffixes {-context.xml, Context.groovy}.
2020-07-12 17:29:27.881  INFO 23607 --- [    Test worker] t.c.s.AnnotationConfigContextLoaderUtils : Could not detect default configuration classes for test class [com.minkeun.start.springboot.web.PostsApiControllerTest]: PostsApiControllerTest does not declare any static, non-private, non-final, nested classes annotated with @Configuration.
2020-07-12 17:29:27.883  INFO 23607 --- [    Test worker] .b.t.c.SpringBootTestContextBootstrapper : Found @SpringBootConfiguration com.minkeun.start.springboot.Application for test class com.minkeun.start.springboot.web.PostsApiControllerTest
2020-07-12 17:29:27.885  INFO 23607 --- [    Test worker] .b.t.c.SpringBootTestContextBootstrapper : Loaded default TestExecutionListener class names from location [META-INF/spring.factories]: [org.springframework.security.test.context.support.WithSecurityContextTestExecutionListener, org.springframework.security.test.context.support.ReactorContextTestExecutionListener, org.springframework.boot.test.autoconfigure.restdocs.RestDocsTestExecutionListener, org.springframework.boot.test.autoconfigure.web.client.MockRestServiceServerResetTestExecutionListener, org.springframework.boot.test.autoconfigure.web.servlet.MockMvcPrintOnlyOnFailureTestExecutionListener, org.springframework.boot.test.autoconfigure.web.servlet.WebDriverTestExecutionListener, org.springframework.boot.test.mock.mockito.MockitoTestExecutionListener, org.springframework.boot.test.mock.mockito.ResetMocksTestExecutionListener, org.springframework.test.context.web.ServletTestExecutionListener, org.springframework.test.context.support.DirtiesContextBeforeModesTestExecutionListener, org.springframework.test.context.support.DependencyInjectionTestExecutionListener, org.springframework.test.context.support.DirtiesContextTestExecutionListener, org.springframework.test.context.transaction.TransactionalTestExecutionListener, org.springframework.test.context.jdbc.SqlScriptsTestExecutionListener]
2020-07-12 17:29:27.887  INFO 23607 --- [    Test worker] .b.t.c.SpringBootTestContextBootstrapper : Using TestExecutionListeners: [org.springframework.test.context.web.ServletTestExecutionListener@2d52928, org.springframework.test.context.support.DirtiesContextBeforeModesTestExecutionListener@58931ebc, org.springframework.boot.test.mock.mockito.MockitoTestExecutionListener@6f37cf3f, org.springframework.boot.test.autoconfigure.SpringBootDependencyInjectionTestExecutionListener@4de29997, org.springframework.test.context.support.DirtiesContextTestExecutionListener@66d5656a, org.springframework.test.context.transaction.TransactionalTestExecutionListener@26f3e1f2, org.springframework.test.context.jdbc.SqlScriptsTestExecutionListener@776c8c24, org.springframework.security.test.context.support.WithSecurityContextTestExecutionListener@2e1b8d7f, org.springframework.security.test.context.support.ReactorContextTestExecutionListener@63a843e3, org.springframework.boot.test.autoconfigure.restdocs.RestDocsTestExecutionListener@5a6dc215, org.springframework.boot.test.autoconfigure.web.client.MockRestServiceServerResetTestExecutionListener@497368d0, org.springframework.boot.test.autoconfigure.web.servlet.MockMvcPrintOnlyOnFailureTestExecutionListener@3bf164f4, org.springframework.boot.test.autoconfigure.web.servlet.WebDriverTestExecutionListener@1a679f32, org.springframework.boot.test.mock.mockito.ResetMocksTestExecutionListener@2e2e9b01]
2020-07-12 17:29:27.906  INFO 23607 --- [    Test worker] o.a.c.c.C.[Tomcat].[localhost].[/]       : Initializing Spring TestDispatcherServlet ''
2020-07-12 17:29:27.907  INFO 23607 --- [    Test worker] o.s.t.web.servlet.TestDispatcherServlet  : Initializing Servlet ''
2020-07-12 17:29:27.912  INFO 23607 --- [    Test worker] o.s.t.web.servlet.TestDispatcherServlet  : Completed initialization in 5 ms
Hibernate: insert into posts (created_date, modified_date, author, content, title) values (?, ?, ?, ?, ?)
Hibernate: select posts0_.id as id1_0_, posts0_.created_date as created_2_0_, posts0_.modified_date as modified3_0_, posts0_.author as author4_0_, posts0_.content as content5_0_, posts0_.title as title6_0_ from posts posts0_
Hibernate: select posts0_.id as id1_0_, posts0_.created_date as created_2_0_, posts0_.modified_date as modified3_0_, posts0_.author as author4_0_, posts0_.content as content5_0_, posts0_.title as title6_0_ from posts posts0_
Hibernate: delete from posts where id=?
2020-07-12 17:29:28.401  INFO 23607 --- [    Test worker] o.a.c.c.C.[Tomcat].[localhost].[/]       : Initializing Spring TestDispatcherServlet ''
2020-07-12 17:29:28.429  INFO 23607 --- [    Test worker] o.s.t.web.servlet.TestDispatcherServlet  : Initializing Servlet ''
2020-07-12 17:29:28.463  INFO 23607 --- [    Test worker] o.s.t.web.servlet.TestDispatcherServlet  : Completed initialization in 32 ms
Hibernate: insert into posts (created_date, modified_date, author, content, title) values (?, ?, ?, ?, ?)
Hibernate: select posts0_.id as id1_0_0_, posts0_.created_date as created_2_0_0_, posts0_.modified_date as modified3_0_0_, posts0_.author as author4_0_0_, posts0_.content as content5_0_0_, posts0_.title as title6_0_0_ from posts posts0_ where posts0_.id=?
Hibernate: update posts set created_date=?, modified_date=?, author=?, content=?, title=? where id=?
Hibernate: select posts0_.id as id1_0_, posts0_.created_date as created_2_0_, posts0_.modified_date as modified3_0_, posts0_.author as author4_0_, posts0_.content as content5_0_, posts0_.title as title6_0_ from posts posts0_
Hibernate: select posts0_.id as id1_0_, posts0_.created_date as created_2_0_, posts0_.modified_date as modified3_0_, posts0_.author as author4_0_, posts0_.content as content5_0_, posts0_.title as title6_0_ from posts posts0_
Hibernate: delete from posts where id=?
]]></system-out>
  <system-err><![CDATA[]]></system-err>
</testsuite>
